2019-09-18 18:46:40.665  INFO 10616 --- [main] c.k.TransformationSqlApplicationTests    : Starting TransformationSqlApplicationTests on DESKTOP-HOVP9Q7 with PID 10616 (started by keda in E:\WorkSpace\Server\transformation-sql)
2019-09-18 18:46:40.667  INFO 10616 --- [main] c.k.TransformationSqlApplicationTests    : No active profile set, falling back to default profiles: default
2019-09-18 18:46:42.096  INFO 10616 --- [main] .s.d.r.c.RepositoryConfigurationDelegate : Bootstrapping Spring Data repositories in DEFAULT mode.
2019-09-18 18:46:42.155  INFO 10616 --- [main] .s.d.r.c.RepositoryConfigurationDelegate : Finished Spring Data repository scanning in 27ms. Found 0 repository interfaces.
2019-09-18 18:46:42.725  INFO 10616 --- [main] trationDelegate$BeanPostProcessorChecker : Bean 'org.springframework.transaction.annotation.ProxyTransactionManagementConfiguration' of type [org.springframework.transaction.annotation.ProxyTransactionManagementConfiguration$$EnhancerBySpringCGLIB$$c947a7c3] is not eligible for getting processed by all BeanPostProcessors (for example: not eligible for auto-proxying)
2019-09-18 18:46:43.446  INFO 10616 --- [main] o.hibernate.jpa.internal.util.LogHelper  : HHH000204: Processing PersistenceUnitInfo [
	name: default
	...]
2019-09-18 18:46:43.565  INFO 10616 --- [main] org.hibernate.Version                    : HHH000412: Hibernate Core {5.3.11.Final}
2019-09-18 18:46:43.567  INFO 10616 --- [main] org.hibernate.cfg.Environment            : HHH000206: hibernate.properties not found
2019-09-18 18:46:44.074  INFO 10616 --- [main] o.hibernate.annotations.common.Version   : HCANN000001: Hibernate Commons Annotations {5.0.4.Final}
2019-09-18 18:46:44.629  INFO 10616 --- [main] com.zaxxer.hikari.HikariDataSource       : HikariPool-1 - Starting...
2019-09-18 18:46:44.635  WARN 10616 --- [main] com.zaxxer.hikari.util.DriverDataSource  : Registered driver with driverClassName=com.mysql.jdbc.Driver was not found, trying direct instantiation.
2019-09-18 18:46:44.932  INFO 10616 --- [main] com.zaxxer.hikari.HikariDataSource       : HikariPool-1 - Start completed.
2019-09-18 18:46:44.956  INFO 10616 --- [main] org.hibernate.dialect.Dialect            : HHH000400: Using dialect: org.hibernate.dialect.MySQL5Dialect
2019-09-18 18:46:45.650  INFO 10616 --- [main] org.hibernate.tuple.PojoInstantiator     : HHH000182: No default (no-argument) constructor for class: com.kedacom.entity.User (class must be instantiated by Interceptor)
2019-09-18 18:46:46.203  INFO 10616 --- [main] j.LocalContainerEntityManagerFactoryBean : Initialized JPA EntityManagerFactory for persistence unit 'default'
2019-09-18 18:46:47.456  INFO 10616 --- [main] o.s.s.concurrent.ThreadPoolTaskExecutor  : Initializing ExecutorService 'applicationTaskExecutor'
2019-09-18 18:46:47.563  WARN 10616 --- [main] aWebConfiguration$JpaWebMvcConfiguration : spring.jpa.open-in-view is enabled by default. Therefore, database queries may be performed during view rendering. Explicitly configure spring.jpa.open-in-view to disable this warning
2019-09-18 18:46:48.205  INFO 10616 --- [main] c.k.TransformationSqlApplicationTests    : Started TransformationSqlApplicationTests in 8.368 seconds (JVM running for 9.733)
2019-09-18 18:46:48.397  INFO 10616 --- [main] c.k.TransformationSqlApplicationTests    : com.kedacom.util.SqlExecutor@70b2fa10
2019-09-18 18:46:48.433  INFO 10616 --- [Thread-2] o.s.s.concurrent.ThreadPoolTaskExecutor  : Shutting down ExecutorService 'applicationTaskExecutor'
2019-09-18 18:46:48.435  INFO 10616 --- [Thread-2] j.LocalContainerEntityManagerFactoryBean : Closing JPA EntityManagerFactory for persistence unit 'default'
2019-09-18 18:46:48.442  INFO 10616 --- [Thread-2] com.zaxxer.hikari.HikariDataSource       : HikariPool-1 - Shutdown initiated...
2019-09-18 18:46:48.476  INFO 10616 --- [Thread-2] com.zaxxer.hikari.HikariDataSource       : HikariPool-1 - Shutdown completed.
2019-09-18 18:49:03.790  INFO 12208 --- [main] c.k.TransformationSqlApplicationTests    : Starting TransformationSqlApplicationTests on DESKTOP-HOVP9Q7 with PID 12208 (started by keda in E:\WorkSpace\Server\transformation-sql)
2019-09-18 18:49:03.792  INFO 12208 --- [main] c.k.TransformationSqlApplicationTests    : No active profile set, falling back to default profiles: default
2019-09-18 18:49:04.814  INFO 12208 --- [main] .s.d.r.c.RepositoryConfigurationDelegate : Bootstrapping Spring Data repositories in DEFAULT mode.
2019-09-18 18:49:04.851  INFO 12208 --- [main] .s.d.r.c.RepositoryConfigurationDelegate : Finished Spring Data repository scanning in 23ms. Found 0 repository interfaces.
2019-09-18 18:49:05.428  INFO 12208 --- [main] trationDelegate$BeanPostProcessorChecker : Bean 'org.springframework.transaction.annotation.ProxyTransactionManagementConfiguration' of type [org.springframework.transaction.annotation.ProxyTransactionManagementConfiguration$$EnhancerBySpringCGLIB$$f0a5322d] is not eligible for getting processed by all BeanPostProcessors (for example: not eligible for auto-proxying)
2019-09-18 18:49:05.829  INFO 12208 --- [main] o.hibernate.jpa.internal.util.LogHelper  : HHH000204: Processing PersistenceUnitInfo [
	name: default
	...]
2019-09-18 18:49:05.947  INFO 12208 --- [main] org.hibernate.Version                    : HHH000412: Hibernate Core {5.3.11.Final}
2019-09-18 18:49:05.950  INFO 12208 --- [main] org.hibernate.cfg.Environment            : HHH000206: hibernate.properties not found
2019-09-18 18:49:06.248  INFO 12208 --- [main] o.hibernate.annotations.common.Version   : HCANN000001: Hibernate Commons Annotations {5.0.4.Final}
2019-09-18 18:49:06.685  INFO 12208 --- [main] com.zaxxer.hikari.HikariDataSource       : HikariPool-1 - Starting...
2019-09-18 18:49:06.689  WARN 12208 --- [main] com.zaxxer.hikari.util.DriverDataSource  : Registered driver with driverClassName=com.mysql.jdbc.Driver was not found, trying direct instantiation.
2019-09-18 18:49:06.899  INFO 12208 --- [main] com.zaxxer.hikari.HikariDataSource       : HikariPool-1 - Start completed.
2019-09-18 18:49:06.923  INFO 12208 --- [main] org.hibernate.dialect.Dialect            : HHH000400: Using dialect: org.hibernate.dialect.MySQL5Dialect
2019-09-18 18:49:07.529  INFO 12208 --- [main] org.hibernate.tuple.PojoInstantiator     : HHH000182: No default (no-argument) constructor for class: com.kedacom.entity.User (class must be instantiated by Interceptor)
2019-09-18 18:49:07.932  INFO 12208 --- [main] j.LocalContainerEntityManagerFactoryBean : Initialized JPA EntityManagerFactory for persistence unit 'default'
2019-09-18 18:49:08.924  INFO 12208 --- [main] o.s.s.concurrent.ThreadPoolTaskExecutor  : Initializing ExecutorService 'applicationTaskExecutor'
2019-09-18 18:49:09.014  WARN 12208 --- [main] aWebConfiguration$JpaWebMvcConfiguration : spring.jpa.open-in-view is enabled by default. Therefore, database queries may be performed during view rendering. Explicitly configure spring.jpa.open-in-view to disable this warning
2019-09-18 18:49:09.602  INFO 12208 --- [main] c.k.TransformationSqlApplicationTests    : Started TransformationSqlApplicationTests in 6.786 seconds (JVM running for 8.105)
2019-09-18 18:49:09.716  INFO 12208 --- [main] c.k.TransformationSqlApplicationTests    : ----SqlExecutor：com.kedacom.util.SqlExecutor@70b2fa10
2019-09-18 18:49:09.728  INFO 12208 --- [Thread-2] o.s.s.concurrent.ThreadPoolTaskExecutor  : Shutting down ExecutorService 'applicationTaskExecutor'
2019-09-18 18:49:09.729  INFO 12208 --- [Thread-2] j.LocalContainerEntityManagerFactoryBean : Closing JPA EntityManagerFactory for persistence unit 'default'
2019-09-18 18:49:09.733  INFO 12208 --- [Thread-2] com.zaxxer.hikari.HikariDataSource       : HikariPool-1 - Shutdown initiated...
2019-09-18 18:49:09.746  INFO 12208 --- [Thread-2] com.zaxxer.hikari.HikariDataSource       : HikariPool-1 - Shutdown completed.
2019-09-18 20:23:47.493  INFO 3676 --- [main] c.k.TransformationSqlApplicationTests    : Starting TransformationSqlApplicationTests on DESKTOP-HOVP9Q7 with PID 3676 (started by keda in E:\WorkSpace\Server\transformation-sql)
2019-09-18 20:23:47.495  INFO 3676 --- [main] c.k.TransformationSqlApplicationTests    : No active profile set, falling back to default profiles: default
2019-09-18 20:23:48.496  INFO 3676 --- [main] .s.d.r.c.RepositoryConfigurationDelegate : Bootstrapping Spring Data repositories in DEFAULT mode.
2019-09-18 20:23:48.532  INFO 3676 --- [main] .s.d.r.c.RepositoryConfigurationDelegate : Finished Spring Data repository scanning in 25ms. Found 0 repository interfaces.
2019-09-18 20:23:49.024  INFO 3676 --- [main] trationDelegate$BeanPostProcessorChecker : Bean 'org.springframework.transaction.annotation.ProxyTransactionManagementConfiguration' of type [org.springframework.transaction.annotation.ProxyTransactionManagementConfiguration$$EnhancerBySpringCGLIB$$71a96361] is not eligible for getting processed by all BeanPostProcessors (for example: not eligible for auto-proxying)
2019-09-18 20:23:49.495  INFO 3676 --- [main] o.hibernate.jpa.internal.util.LogHelper  : HHH000204: Processing PersistenceUnitInfo [
	name: default
	...]
2019-09-18 20:23:49.617  INFO 3676 --- [main] org.hibernate.Version                    : HHH000412: Hibernate Core {5.3.11.Final}
2019-09-18 20:23:49.621  INFO 3676 --- [main] org.hibernate.cfg.Environment            : HHH000206: hibernate.properties not found
2019-09-18 20:23:49.931  INFO 3676 --- [main] o.hibernate.annotations.common.Version   : HCANN000001: Hibernate Commons Annotations {5.0.4.Final}
2019-09-18 20:23:50.407  INFO 3676 --- [main] com.zaxxer.hikari.HikariDataSource       : HikariPool-1 - Starting...
2019-09-18 20:23:50.412  WARN 3676 --- [main] com.zaxxer.hikari.util.DriverDataSource  : Registered driver with driverClassName=com.mysql.jdbc.Driver was not found, trying direct instantiation.
2019-09-18 20:23:50.626  INFO 3676 --- [main] com.zaxxer.hikari.HikariDataSource       : HikariPool-1 - Start completed.
2019-09-18 20:23:50.651  INFO 3676 --- [main] org.hibernate.dialect.Dialect            : HHH000400: Using dialect: org.hibernate.dialect.MySQL5Dialect
2019-09-18 20:23:51.280  INFO 3676 --- [main] org.hibernate.tuple.PojoInstantiator     : HHH000182: No default (no-argument) constructor for class: com.kedacom.entity.User (class must be instantiated by Interceptor)
2019-09-18 20:23:51.688  INFO 3676 --- [main] j.LocalContainerEntityManagerFactoryBean : Initialized JPA EntityManagerFactory for persistence unit 'default'
2019-09-18 20:23:52.730  INFO 3676 --- [main] o.s.s.concurrent.ThreadPoolTaskExecutor  : Initializing ExecutorService 'applicationTaskExecutor'
2019-09-18 20:23:52.827  WARN 3676 --- [main] aWebConfiguration$JpaWebMvcConfiguration : spring.jpa.open-in-view is enabled by default. Therefore, database queries may be performed during view rendering. Explicitly configure spring.jpa.open-in-view to disable this warning
2019-09-18 20:23:53.442  INFO 3676 --- [main] c.k.TransformationSqlApplicationTests    : Started TransformationSqlApplicationTests in 6.863 seconds (JVM running for 8.275)
2019-09-18 20:23:53.552  INFO 3676 --- [main] c.k.TransformationSqlApplicationTests    : ----SqlExecutor：com.kedacom.util.SqlExecutor@413d2cd1
2019-09-18 20:23:53.553 ERROR 3676 --- [main] com.kedacom.util.SqlExecutor             : ---SqlExecutor Error: java.lang.ClassNotFoundException: User
2019-09-18 20:23:53.553 ERROR 3676 --- [main] c.k.TransformationSqlApplicationTests    : --- TransformationSqlApplicationTests：没有该表
2019-09-18 20:23:53.566  INFO 3676 --- [Thread-2] o.s.s.concurrent.ThreadPoolTaskExecutor  : Shutting down ExecutorService 'applicationTaskExecutor'
2019-09-18 20:23:53.567  INFO 3676 --- [Thread-2] j.LocalContainerEntityManagerFactoryBean : Closing JPA EntityManagerFactory for persistence unit 'default'
2019-09-18 20:23:53.570  INFO 3676 --- [Thread-2] com.zaxxer.hikari.HikariDataSource       : HikariPool-1 - Shutdown initiated...
2019-09-18 20:23:53.607  INFO 3676 --- [Thread-2] com.zaxxer.hikari.HikariDataSource       : HikariPool-1 - Shutdown completed.
2019-09-18 20:26:29.417  INFO 6552 --- [main] c.k.TransformationSqlApplicationTests    : Starting TransformationSqlApplicationTests on DESKTOP-HOVP9Q7 with PID 6552 (started by keda in E:\WorkSpace\Server\transformation-sql)
2019-09-18 20:26:29.418  INFO 6552 --- [main] c.k.TransformationSqlApplicationTests    : No active profile set, falling back to default profiles: default
2019-09-18 20:26:30.392  INFO 6552 --- [main] .s.d.r.c.RepositoryConfigurationDelegate : Bootstrapping Spring Data repositories in DEFAULT mode.
2019-09-18 20:26:30.438  INFO 6552 --- [main] .s.d.r.c.RepositoryConfigurationDelegate : Finished Spring Data repository scanning in 34ms. Found 0 repository interfaces.
2019-09-18 20:26:30.913  INFO 6552 --- [main] trationDelegate$BeanPostProcessorChecker : Bean 'org.springframework.transaction.annotation.ProxyTransactionManagementConfiguration' of type [org.springframework.transaction.annotation.ProxyTransactionManagementConfiguration$$EnhancerBySpringCGLIB$$71a96361] is not eligible for getting processed by all BeanPostProcessors (for example: not eligible for auto-proxying)
2019-09-18 20:26:31.286  INFO 6552 --- [main] o.hibernate.jpa.internal.util.LogHelper  : HHH000204: Processing PersistenceUnitInfo [
	name: default
	...]
2019-09-18 20:26:31.407  INFO 6552 --- [main] org.hibernate.Version                    : HHH000412: Hibernate Core {5.3.11.Final}
2019-09-18 20:26:31.410  INFO 6552 --- [main] org.hibernate.cfg.Environment            : HHH000206: hibernate.properties not found
2019-09-18 20:26:31.722  INFO 6552 --- [main] o.hibernate.annotations.common.Version   : HCANN000001: Hibernate Commons Annotations {5.0.4.Final}
2019-09-18 20:26:32.167  INFO 6552 --- [main] com.zaxxer.hikari.HikariDataSource       : HikariPool-1 - Starting...
2019-09-18 20:26:32.171  WARN 6552 --- [main] com.zaxxer.hikari.util.DriverDataSource  : Registered driver with driverClassName=com.mysql.jdbc.Driver was not found, trying direct instantiation.
2019-09-18 20:26:32.390  INFO 6552 --- [main] com.zaxxer.hikari.HikariDataSource       : HikariPool-1 - Start completed.
2019-09-18 20:26:32.416  INFO 6552 --- [main] org.hibernate.dialect.Dialect            : HHH000400: Using dialect: org.hibernate.dialect.MySQL5Dialect
2019-09-18 20:26:33.042  INFO 6552 --- [main] org.hibernate.tuple.PojoInstantiator     : HHH000182: No default (no-argument) constructor for class: com.kedacom.entity.User (class must be instantiated by Interceptor)
2019-09-18 20:26:33.447  INFO 6552 --- [main] j.LocalContainerEntityManagerFactoryBean : Initialized JPA EntityManagerFactory for persistence unit 'default'
2019-09-18 20:26:34.496  INFO 6552 --- [main] o.s.s.concurrent.ThreadPoolTaskExecutor  : Initializing ExecutorService 'applicationTaskExecutor'
2019-09-18 20:26:34.596  WARN 6552 --- [main] aWebConfiguration$JpaWebMvcConfiguration : spring.jpa.open-in-view is enabled by default. Therefore, database queries may be performed during view rendering. Explicitly configure spring.jpa.open-in-view to disable this warning
2019-09-18 20:26:35.222  INFO 6552 --- [main] c.k.TransformationSqlApplicationTests    : Started TransformationSqlApplicationTests in 6.782 seconds (JVM running for 8.164)
2019-09-18 20:26:35.338  INFO 6552 --- [main] c.k.TransformationSqlApplicationTests    : ----SqlExecutor：com.kedacom.util.SqlExecutor@7243145f
2019-09-18 20:26:35.549  INFO 6552 --- [Thread-2] o.s.s.concurrent.ThreadPoolTaskExecutor  : Shutting down ExecutorService 'applicationTaskExecutor'
2019-09-18 20:26:35.550  INFO 6552 --- [Thread-2] j.LocalContainerEntityManagerFactoryBean : Closing JPA EntityManagerFactory for persistence unit 'default'
2019-09-18 20:26:35.553  INFO 6552 --- [Thread-2] com.zaxxer.hikari.HikariDataSource       : HikariPool-1 - Shutdown initiated...
2019-09-18 20:26:35.569  INFO 6552 --- [Thread-2] com.zaxxer.hikari.HikariDataSource       : HikariPool-1 - Shutdown completed.
2019-09-18 20:28:10.780  INFO 11488 --- [main] c.k.TransformationSqlApplicationTests    : Starting TransformationSqlApplicationTests on DESKTOP-HOVP9Q7 with PID 11488 (started by keda in E:\WorkSpace\Server\transformation-sql)
2019-09-18 20:28:10.781  INFO 11488 --- [main] c.k.TransformationSqlApplicationTests    : No active profile set, falling back to default profiles: default
2019-09-18 20:28:11.724  INFO 11488 --- [main] .s.d.r.c.RepositoryConfigurationDelegate : Bootstrapping Spring Data repositories in DEFAULT mode.
2019-09-18 20:28:11.764  INFO 11488 --- [main] .s.d.r.c.RepositoryConfigurationDelegate : Finished Spring Data repository scanning in 27ms. Found 0 repository interfaces.
2019-09-18 20:28:12.269  INFO 11488 --- [main] trationDelegate$BeanPostProcessorChecker : Bean 'org.springframework.transaction.annotation.ProxyTransactionManagementConfiguration' of type [org.springframework.transaction.annotation.ProxyTransactionManagementConfiguration$$EnhancerBySpringCGLIB$$71a96361] is not eligible for getting processed by all BeanPostProcessors (for example: not eligible for auto-proxying)
2019-09-18 20:28:12.644  INFO 11488 --- [main] o.hibernate.jpa.internal.util.LogHelper  : HHH000204: Processing PersistenceUnitInfo [
	name: default
	...]
2019-09-18 20:28:12.764  INFO 11488 --- [main] org.hibernate.Version                    : HHH000412: Hibernate Core {5.3.11.Final}
2019-09-18 20:28:12.768  INFO 11488 --- [main] org.hibernate.cfg.Environment            : HHH000206: hibernate.properties not found
2019-09-18 20:28:13.094  INFO 11488 --- [main] o.hibernate.annotations.common.Version   : HCANN000001: Hibernate Commons Annotations {5.0.4.Final}
2019-09-18 20:28:13.535  INFO 11488 --- [main] com.zaxxer.hikari.HikariDataSource       : HikariPool-1 - Starting...
2019-09-18 20:28:13.540  WARN 11488 --- [main] com.zaxxer.hikari.util.DriverDataSource  : Registered driver with driverClassName=com.mysql.jdbc.Driver was not found, trying direct instantiation.
2019-09-18 20:28:13.744  INFO 11488 --- [main] com.zaxxer.hikari.HikariDataSource       : HikariPool-1 - Start completed.
2019-09-18 20:28:13.768  INFO 11488 --- [main] org.hibernate.dialect.Dialect            : HHH000400: Using dialect: org.hibernate.dialect.MySQL5Dialect
2019-09-18 20:28:14.410  INFO 11488 --- [main] org.hibernate.tuple.PojoInstantiator     : HHH000182: No default (no-argument) constructor for class: com.kedacom.entity.User (class must be instantiated by Interceptor)
2019-09-18 20:28:14.835  INFO 11488 --- [main] j.LocalContainerEntityManagerFactoryBean : Initialized JPA EntityManagerFactory for persistence unit 'default'
2019-09-18 20:28:15.827  INFO 11488 --- [main] o.s.s.concurrent.ThreadPoolTaskExecutor  : Initializing ExecutorService 'applicationTaskExecutor'
2019-09-18 20:28:15.924  WARN 11488 --- [main] aWebConfiguration$JpaWebMvcConfiguration : spring.jpa.open-in-view is enabled by default. Therefore, database queries may be performed during view rendering. Explicitly configure spring.jpa.open-in-view to disable this warning
2019-09-18 20:28:16.495  INFO 11488 --- [main] c.k.TransformationSqlApplicationTests    : Started TransformationSqlApplicationTests in 6.416 seconds (JVM running for 7.787)
2019-09-18 20:28:16.607  INFO 11488 --- [main] c.k.TransformationSqlApplicationTests    : ----SqlExecutor：com.kedacom.util.SqlExecutor@413d2cd1
2019-09-18 20:28:16.896  INFO 11488 --- [Thread-2] o.s.s.concurrent.ThreadPoolTaskExecutor  : Shutting down ExecutorService 'applicationTaskExecutor'
2019-09-18 20:28:16.897  INFO 11488 --- [Thread-2] j.LocalContainerEntityManagerFactoryBean : Closing JPA EntityManagerFactory for persistence unit 'default'
2019-09-18 20:28:16.902  INFO 11488 --- [Thread-2] com.zaxxer.hikari.HikariDataSource       : HikariPool-1 - Shutdown initiated...
2019-09-18 20:28:16.918  INFO 11488 --- [Thread-2] com.zaxxer.hikari.HikariDataSource       : HikariPool-1 - Shutdown completed.
2019-09-18 20:29:45.995  INFO 11124 --- [main] c.k.TransformationSqlApplicationTests    : Starting TransformationSqlApplicationTests on DESKTOP-HOVP9Q7 with PID 11124 (started by keda in E:\WorkSpace\Server\transformation-sql)
2019-09-18 20:29:45.997  INFO 11124 --- [main] c.k.TransformationSqlApplicationTests    : No active profile set, falling back to default profiles: default
2019-09-18 20:29:47.014  INFO 11124 --- [main] .s.d.r.c.RepositoryConfigurationDelegate : Bootstrapping Spring Data repositories in DEFAULT mode.
2019-09-18 20:29:47.052  INFO 11124 --- [main] .s.d.r.c.RepositoryConfigurationDelegate : Finished Spring Data repository scanning in 26ms. Found 0 repository interfaces.
2019-09-18 20:29:47.556  INFO 11124 --- [main] trationDelegate$BeanPostProcessorChecker : Bean 'org.springframework.transaction.annotation.ProxyTransactionManagementConfiguration' of type [org.springframework.transaction.annotation.ProxyTransactionManagementConfiguration$$EnhancerBySpringCGLIB$$3fc5dd4e] is not eligible for getting processed by all BeanPostProcessors (for example: not eligible for auto-proxying)
2019-09-18 20:29:47.940  INFO 11124 --- [main] o.hibernate.jpa.internal.util.LogHelper  : HHH000204: Processing PersistenceUnitInfo [
	name: default
	...]
2019-09-18 20:29:48.060  INFO 11124 --- [main] org.hibernate.Version                    : HHH000412: Hibernate Core {5.3.11.Final}
2019-09-18 20:29:48.063  INFO 11124 --- [main] org.hibernate.cfg.Environment            : HHH000206: hibernate.properties not found
2019-09-18 20:29:48.384  INFO 11124 --- [main] o.hibernate.annotations.common.Version   : HCANN000001: Hibernate Commons Annotations {5.0.4.Final}
2019-09-18 20:29:48.836  INFO 11124 --- [main] com.zaxxer.hikari.HikariDataSource       : HikariPool-1 - Starting...
2019-09-18 20:29:48.841  WARN 11124 --- [main] com.zaxxer.hikari.util.DriverDataSource  : Registered driver with driverClassName=com.mysql.jdbc.Driver was not found, trying direct instantiation.
2019-09-18 20:29:49.059  INFO 11124 --- [main] com.zaxxer.hikari.HikariDataSource       : HikariPool-1 - Start completed.
2019-09-18 20:29:49.084  INFO 11124 --- [main] org.hibernate.dialect.Dialect            : HHH000400: Using dialect: org.hibernate.dialect.MySQL5Dialect
2019-09-18 20:29:49.720  INFO 11124 --- [main] org.hibernate.tuple.PojoInstantiator     : HHH000182: No default (no-argument) constructor for class: com.kedacom.entity.User (class must be instantiated by Interceptor)
2019-09-18 20:29:50.133  INFO 11124 --- [main] j.LocalContainerEntityManagerFactoryBean : Initialized JPA EntityManagerFactory for persistence unit 'default'
2019-09-18 20:29:51.253  INFO 11124 --- [main] o.s.s.concurrent.ThreadPoolTaskExecutor  : Initializing ExecutorService 'applicationTaskExecutor'
2019-09-18 20:29:51.361  WARN 11124 --- [main] aWebConfiguration$JpaWebMvcConfiguration : spring.jpa.open-in-view is enabled by default. Therefore, database queries may be performed during view rendering. Explicitly configure spring.jpa.open-in-view to disable this warning
2019-09-18 20:29:51.971  INFO 11124 --- [main] c.k.TransformationSqlApplicationTests    : Started TransformationSqlApplicationTests in 6.651 seconds (JVM running for 8.105)
2019-09-18 20:29:52.088  INFO 11124 --- [main] c.k.TransformationSqlApplicationTests    : ----SqlExecutor：com.kedacom.util.SqlExecutor@7243145f
2019-09-18 20:29:52.342  INFO 11124 --- [main] c.k.TransformationSqlApplicationTests    : ----SqlExecutor 数据长度为：0
2019-09-18 20:29:52.354  INFO 11124 --- [Thread-2] o.s.s.concurrent.ThreadPoolTaskExecutor  : Shutting down ExecutorService 'applicationTaskExecutor'
2019-09-18 20:29:52.355  INFO 11124 --- [Thread-2] j.LocalContainerEntityManagerFactoryBean : Closing JPA EntityManagerFactory for persistence unit 'default'
2019-09-18 20:29:52.359  INFO 11124 --- [Thread-2] com.zaxxer.hikari.HikariDataSource       : HikariPool-1 - Shutdown initiated...
2019-09-18 20:29:52.374  INFO 11124 --- [Thread-2] com.zaxxer.hikari.HikariDataSource       : HikariPool-1 - Shutdown completed.
2019-09-18 20:31:00.728  INFO 8456 --- [main] c.k.TransformationSqlApplicationTests    : Starting TransformationSqlApplicationTests on DESKTOP-HOVP9Q7 with PID 8456 (started by keda in E:\WorkSpace\Server\transformation-sql)
2019-09-18 20:31:00.730  INFO 8456 --- [main] c.k.TransformationSqlApplicationTests    : No active profile set, falling back to default profiles: default
2019-09-18 20:31:01.749  INFO 8456 --- [main] .s.d.r.c.RepositoryConfigurationDelegate : Bootstrapping Spring Data repositories in DEFAULT mode.
2019-09-18 20:31:01.785  INFO 8456 --- [main] .s.d.r.c.RepositoryConfigurationDelegate : Finished Spring Data repository scanning in 23ms. Found 0 repository interfaces.
2019-09-18 20:31:02.300  INFO 8456 --- [main] trationDelegate$BeanPostProcessorChecker : Bean 'org.springframework.transaction.annotation.ProxyTransactionManagementConfiguration' of type [org.springframework.transaction.annotation.ProxyTransactionManagementConfiguration$$EnhancerBySpringCGLIB$$4c896ee3] is not eligible for getting processed by all BeanPostProcessors (for example: not eligible for auto-proxying)
2019-09-18 20:31:02.713  INFO 8456 --- [main] o.hibernate.jpa.internal.util.LogHelper  : HHH000204: Processing PersistenceUnitInfo [
	name: default
	...]
2019-09-18 20:31:02.836  INFO 8456 --- [main] org.hibernate.Version                    : HHH000412: Hibernate Core {5.3.11.Final}
2019-09-18 20:31:02.840  INFO 8456 --- [main] org.hibernate.cfg.Environment            : HHH000206: hibernate.properties not found
2019-09-18 20:31:03.189  INFO 8456 --- [main] o.hibernate.annotations.common.Version   : HCANN000001: Hibernate Commons Annotations {5.0.4.Final}
2019-09-18 20:31:03.639  INFO 8456 --- [main] com.zaxxer.hikari.HikariDataSource       : HikariPool-1 - Starting...
2019-09-18 20:31:03.644  WARN 8456 --- [main] com.zaxxer.hikari.util.DriverDataSource  : Registered driver with driverClassName=com.mysql.jdbc.Driver was not found, trying direct instantiation.
2019-09-18 20:31:03.865  INFO 8456 --- [main] com.zaxxer.hikari.HikariDataSource       : HikariPool-1 - Start completed.
2019-09-18 20:31:03.890  INFO 8456 --- [main] org.hibernate.dialect.Dialect            : HHH000400: Using dialect: org.hibernate.dialect.MySQL5Dialect
2019-09-18 20:31:04.555  INFO 8456 --- [main] org.hibernate.tuple.PojoInstantiator     : HHH000182: No default (no-argument) constructor for class: com.kedacom.entity.User (class must be instantiated by Interceptor)
2019-09-18 20:31:04.993  INFO 8456 --- [main] j.LocalContainerEntityManagerFactoryBean : Initialized JPA EntityManagerFactory for persistence unit 'default'
2019-09-18 20:31:06.052  INFO 8456 --- [main] o.s.s.concurrent.ThreadPoolTaskExecutor  : Initializing ExecutorService 'applicationTaskExecutor'
2019-09-18 20:31:06.148  WARN 8456 --- [main] aWebConfiguration$JpaWebMvcConfiguration : spring.jpa.open-in-view is enabled by default. Therefore, database queries may be performed during view rendering. Explicitly configure spring.jpa.open-in-view to disable this warning
2019-09-18 20:31:06.753  INFO 8456 --- [main] c.k.TransformationSqlApplicationTests    : Started TransformationSqlApplicationTests in 6.829 seconds (JVM running for 8.284)
2019-09-18 20:31:06.869  INFO 8456 --- [main] c.k.TransformationSqlApplicationTests    : ----SqlExecutor：com.kedacom.util.SqlExecutor@7c96c85
2019-09-18 20:31:07.175  INFO 8456 --- [Thread-2] o.s.s.concurrent.ThreadPoolTaskExecutor  : Shutting down ExecutorService 'applicationTaskExecutor'
2019-09-18 20:31:07.176  INFO 8456 --- [Thread-2] j.LocalContainerEntityManagerFactoryBean : Closing JPA EntityManagerFactory for persistence unit 'default'
2019-09-18 20:31:07.180  INFO 8456 --- [Thread-2] com.zaxxer.hikari.HikariDataSource       : HikariPool-1 - Shutdown initiated...
2019-09-18 20:31:07.194  INFO 8456 --- [Thread-2] com.zaxxer.hikari.HikariDataSource       : HikariPool-1 - Shutdown completed.
2019-09-18 20:32:15.114  INFO 7496 --- [main] c.k.TransformationSqlApplicationTests    : Starting TransformationSqlApplicationTests on DESKTOP-HOVP9Q7 with PID 7496 (started by keda in E:\WorkSpace\Server\transformation-sql)
2019-09-18 20:32:15.115  INFO 7496 --- [main] c.k.TransformationSqlApplicationTests    : No active profile set, falling back to default profiles: default
2019-09-18 20:32:16.113  INFO 7496 --- [main] .s.d.r.c.RepositoryConfigurationDelegate : Bootstrapping Spring Data repositories in DEFAULT mode.
2019-09-18 20:32:16.151  INFO 7496 --- [main] .s.d.r.c.RepositoryConfigurationDelegate : Finished Spring Data repository scanning in 26ms. Found 0 repository interfaces.
2019-09-18 20:32:16.659  INFO 7496 --- [main] trationDelegate$BeanPostProcessorChecker : Bean 'org.springframework.transaction.annotation.ProxyTransactionManagementConfiguration' of type [org.springframework.transaction.annotation.ProxyTransactionManagementConfiguration$$EnhancerBySpringCGLIB$$75cf44ca] is not eligible for getting processed by all BeanPostProcessors (for example: not eligible for auto-proxying)
2019-09-18 20:32:17.040  INFO 7496 --- [main] o.hibernate.jpa.internal.util.LogHelper  : HHH000204: Processing PersistenceUnitInfo [
	name: default
	...]
2019-09-18 20:32:17.175  INFO 7496 --- [main] org.hibernate.Version                    : HHH000412: Hibernate Core {5.3.11.Final}
2019-09-18 20:32:17.178  INFO 7496 --- [main] org.hibernate.cfg.Environment            : HHH000206: hibernate.properties not found
2019-09-18 20:32:17.544  INFO 7496 --- [main] o.hibernate.annotations.common.Version   : HCANN000001: Hibernate Commons Annotations {5.0.4.Final}
2019-09-18 20:32:18.003  INFO 7496 --- [main] com.zaxxer.hikari.HikariDataSource       : HikariPool-1 - Starting...
2019-09-18 20:32:18.007  WARN 7496 --- [main] com.zaxxer.hikari.util.DriverDataSource  : Registered driver with driverClassName=com.mysql.jdbc.Driver was not found, trying direct instantiation.
2019-09-18 20:32:18.223  INFO 7496 --- [main] com.zaxxer.hikari.HikariDataSource       : HikariPool-1 - Start completed.
2019-09-18 20:32:18.246  INFO 7496 --- [main] org.hibernate.dialect.Dialect            : HHH000400: Using dialect: org.hibernate.dialect.MySQL5Dialect
2019-09-18 20:32:19.281  INFO 7496 --- [main] j.LocalContainerEntityManagerFactoryBean : Initialized JPA EntityManagerFactory for persistence unit 'default'
2019-09-18 20:32:20.284  INFO 7496 --- [main] o.s.s.concurrent.ThreadPoolTaskExecutor  : Initializing ExecutorService 'applicationTaskExecutor'
2019-09-18 20:32:20.383  WARN 7496 --- [main] aWebConfiguration$JpaWebMvcConfiguration : spring.jpa.open-in-view is enabled by default. Therefore, database queries may be performed during view rendering. Explicitly configure spring.jpa.open-in-view to disable this warning
2019-09-18 20:32:20.959  INFO 7496 --- [main] c.k.TransformationSqlApplicationTests    : Started TransformationSqlApplicationTests in 6.766 seconds (JVM running for 8.175)
2019-09-18 20:32:21.063  INFO 7496 --- [main] c.k.TransformationSqlApplicationTests    : ----SqlExecutor：com.kedacom.util.SqlExecutor@7243145f
2019-09-18 20:32:21.369  INFO 7496 --- [main] c.k.TransformationSqlApplicationTests    : ----SqlExecutor 数据长度为：3
2019-09-18 20:32:21.370  INFO 7496 --- [main] c.k.TransformationSqlApplicationTests    : ----SqlExecutor：User(id=1, name=zcy, password=admin)
2019-09-18 20:32:21.370  INFO 7496 --- [main] c.k.TransformationSqlApplicationTests    : ----SqlExecutor：User(id=2, name=ceshi, password=ceshi)
2019-09-18 20:32:21.370  INFO 7496 --- [main] c.k.TransformationSqlApplicationTests    : ----SqlExecutor：User(id=3, name=admin, password=admin)
2019-09-18 20:32:21.381  INFO 7496 --- [Thread-2] o.s.s.concurrent.ThreadPoolTaskExecutor  : Shutting down ExecutorService 'applicationTaskExecutor'
2019-09-18 20:32:21.383  INFO 7496 --- [Thread-2] j.LocalContainerEntityManagerFactoryBean : Closing JPA EntityManagerFactory for persistence unit 'default'
2019-09-18 20:32:21.387  INFO 7496 --- [Thread-2] com.zaxxer.hikari.HikariDataSource       : HikariPool-1 - Shutdown initiated...
2019-09-18 20:32:21.400  INFO 7496 --- [Thread-2] com.zaxxer.hikari.HikariDataSource       : HikariPool-1 - Shutdown completed.
2019-09-18 20:40:07.987  INFO 11720 --- [main] c.k.TransformationSqlApplicationTests    : Starting TransformationSqlApplicationTests on DESKTOP-HOVP9Q7 with PID 11720 (started by keda in E:\WorkSpace\Server\transformation-sql)
2019-09-18 20:40:07.989  INFO 11720 --- [main] c.k.TransformationSqlApplicationTests    : No active profile set, falling back to default profiles: default
2019-09-18 20:40:08.973  INFO 11720 --- [main] .s.d.r.c.RepositoryConfigurationDelegate : Bootstrapping Spring Data repositories in DEFAULT mode.
2019-09-18 20:40:09.010  INFO 11720 --- [main] .s.d.r.c.RepositoryConfigurationDelegate : Finished Spring Data repository scanning in 25ms. Found 0 repository interfaces.
2019-09-18 20:40:09.505  INFO 11720 --- [main] trationDelegate$BeanPostProcessorChecker : Bean 'org.springframework.transaction.annotation.ProxyTransactionManagementConfiguration' of type [org.springframework.transaction.annotation.ProxyTransactionManagementConfiguration$$EnhancerBySpringCGLIB$$71a96361] is not eligible for getting processed by all BeanPostProcessors (for example: not eligible for auto-proxying)
2019-09-18 20:40:09.923  INFO 11720 --- [main] o.hibernate.jpa.internal.util.LogHelper  : HHH000204: Processing PersistenceUnitInfo [
	name: default
	...]
2019-09-18 20:40:10.043  INFO 11720 --- [main] org.hibernate.Version                    : HHH000412: Hibernate Core {5.3.11.Final}
2019-09-18 20:40:10.046  INFO 11720 --- [main] org.hibernate.cfg.Environment            : HHH000206: hibernate.properties not found
2019-09-18 20:40:10.354  INFO 11720 --- [main] o.hibernate.annotations.common.Version   : HCANN000001: Hibernate Commons Annotations {5.0.4.Final}
2019-09-18 20:40:10.806  INFO 11720 --- [main] com.zaxxer.hikari.HikariDataSource       : HikariPool-1 - Starting...
2019-09-18 20:40:10.811  WARN 11720 --- [main] com.zaxxer.hikari.util.DriverDataSource  : Registered driver with driverClassName=com.mysql.jdbc.Driver was not found, trying direct instantiation.
2019-09-18 20:40:11.015  INFO 11720 --- [main] com.zaxxer.hikari.HikariDataSource       : HikariPool-1 - Start completed.
2019-09-18 20:40:11.045  INFO 11720 --- [main] org.hibernate.dialect.Dialect            : HHH000400: Using dialect: org.hibernate.dialect.MySQL5Dialect
2019-09-18 20:40:12.088  INFO 11720 --- [main] j.LocalContainerEntityManagerFactoryBean : Initialized JPA EntityManagerFactory for persistence unit 'default'
2019-09-18 20:40:13.111  INFO 11720 --- [main] o.s.s.concurrent.ThreadPoolTaskExecutor  : Initializing ExecutorService 'applicationTaskExecutor'
2019-09-18 20:40:13.207  WARN 11720 --- [main] aWebConfiguration$JpaWebMvcConfiguration : spring.jpa.open-in-view is enabled by default. Therefore, database queries may be performed during view rendering. Explicitly configure spring.jpa.open-in-view to disable this warning
2019-09-18 20:40:13.812  INFO 11720 --- [main] c.k.TransformationSqlApplicationTests    : Started TransformationSqlApplicationTests in 6.703 seconds (JVM running for 8.118)
2019-09-18 20:40:13.934  INFO 11720 --- [main] c.k.TransformationSqlApplicationTests    : ----SqlExecutor：com.kedacom.util.SqlExecutor@7c96c85
2019-09-18 20:40:14.234  INFO 11720 --- [main] c.k.TransformationSqlApplicationTests    : ----SqlExecutor 数据长度为：3
2019-09-18 20:40:14.235  INFO 11720 --- [main] c.k.TransformationSqlApplicationTests    : ----SqlExecutor：[Ljava.lang.Object;@54c11750
2019-09-18 20:40:14.235  INFO 11720 --- [main] c.k.TransformationSqlApplicationTests    : ----SqlExecutor：[Ljava.lang.Object;@221b77d7
2019-09-18 20:40:14.235  INFO 11720 --- [main] c.k.TransformationSqlApplicationTests    : ----SqlExecutor：[Ljava.lang.Object;@5cd8d029
2019-09-18 20:40:14.245  INFO 11720 --- [Thread-2] o.s.s.concurrent.ThreadPoolTaskExecutor  : Shutting down ExecutorService 'applicationTaskExecutor'
2019-09-18 20:40:14.246  INFO 11720 --- [Thread-2] j.LocalContainerEntityManagerFactoryBean : Closing JPA EntityManagerFactory for persistence unit 'default'
2019-09-18 20:40:14.249  INFO 11720 --- [Thread-2] com.zaxxer.hikari.HikariDataSource       : HikariPool-1 - Shutdown initiated...
2019-09-18 20:40:14.262  INFO 11720 --- [Thread-2] com.zaxxer.hikari.HikariDataSource       : HikariPool-1 - Shutdown completed.
2019-09-18 20:40:36.371  INFO 10468 --- [main] c.k.TransformationSqlApplicationTests    : Starting TransformationSqlApplicationTests on DESKTOP-HOVP9Q7 with PID 10468 (started by keda in E:\WorkSpace\Server\transformation-sql)
2019-09-18 20:40:36.372  INFO 10468 --- [main] c.k.TransformationSqlApplicationTests    : No active profile set, falling back to default profiles: default
2019-09-18 20:40:37.290  INFO 10468 --- [main] .s.d.r.c.RepositoryConfigurationDelegate : Bootstrapping Spring Data repositories in DEFAULT mode.
2019-09-18 20:40:37.326  INFO 10468 --- [main] .s.d.r.c.RepositoryConfigurationDelegate : Finished Spring Data repository scanning in 24ms. Found 0 repository interfaces.
2019-09-18 20:40:37.825  INFO 10468 --- [main] trationDelegate$BeanPostProcessorChecker : Bean 'org.springframework.transaction.annotation.ProxyTransactionManagementConfiguration' of type [org.springframework.transaction.annotation.ProxyTransactionManagementConfiguration$$EnhancerBySpringCGLIB$$71a96361] is not eligible for getting processed by all BeanPostProcessors (for example: not eligible for auto-proxying)
2019-09-18 20:40:38.195  INFO 10468 --- [main] o.hibernate.jpa.internal.util.LogHelper  : HHH000204: Processing PersistenceUnitInfo [
	name: default
	...]
2019-09-18 20:40:38.313  INFO 10468 --- [main] org.hibernate.Version                    : HHH000412: Hibernate Core {5.3.11.Final}
2019-09-18 20:40:38.315  INFO 10468 --- [main] org.hibernate.cfg.Environment            : HHH000206: hibernate.properties not found
2019-09-18 20:40:38.645  INFO 10468 --- [main] o.hibernate.annotations.common.Version   : HCANN000001: Hibernate Commons Annotations {5.0.4.Final}
2019-09-18 20:40:39.084  INFO 10468 --- [main] com.zaxxer.hikari.HikariDataSource       : HikariPool-1 - Starting...
2019-09-18 20:40:39.089  WARN 10468 --- [main] com.zaxxer.hikari.util.DriverDataSource  : Registered driver with driverClassName=com.mysql.jdbc.Driver was not found, trying direct instantiation.
2019-09-18 20:40:39.295  INFO 10468 --- [main] com.zaxxer.hikari.HikariDataSource       : HikariPool-1 - Start completed.
2019-09-18 20:40:39.319  INFO 10468 --- [main] org.hibernate.dialect.Dialect            : HHH000400: Using dialect: org.hibernate.dialect.MySQL5Dialect
2019-09-18 20:40:40.351  INFO 10468 --- [main] j.LocalContainerEntityManagerFactoryBean : Initialized JPA EntityManagerFactory for persistence unit 'default'
2019-09-18 20:40:41.367  INFO 10468 --- [main] o.s.s.concurrent.ThreadPoolTaskExecutor  : Initializing ExecutorService 'applicationTaskExecutor'
2019-09-18 20:40:41.476  WARN 10468 --- [main] aWebConfiguration$JpaWebMvcConfiguration : spring.jpa.open-in-view is enabled by default. Therefore, database queries may be performed during view rendering. Explicitly configure spring.jpa.open-in-view to disable this warning
2019-09-18 20:40:42.058  INFO 10468 --- [main] c.k.TransformationSqlApplicationTests    : Started TransformationSqlApplicationTests in 6.526 seconds (JVM running for 7.859)
2019-09-18 20:40:42.167  INFO 10468 --- [main] c.k.TransformationSqlApplicationTests    : ----SqlExecutor：com.kedacom.util.SqlExecutor@7c96c85
2019-09-18 20:40:42.500  INFO 10468 --- [main] c.k.TransformationSqlApplicationTests    : ----SqlExecutor 数据长度为：3
2019-09-18 20:40:42.501  INFO 10468 --- [main] c.k.TransformationSqlApplicationTests    : ----SqlExecutor：User(id=1, name=zcy, password=admin)
2019-09-18 20:40:42.502  INFO 10468 --- [main] c.k.TransformationSqlApplicationTests    : ----SqlExecutor：User(id=2, name=ceshi, password=ceshi)
2019-09-18 20:40:42.502  INFO 10468 --- [main] c.k.TransformationSqlApplicationTests    : ----SqlExecutor：User(id=3, name=admin, password=admin)
2019-09-18 20:40:42.513  INFO 10468 --- [Thread-2] o.s.s.concurrent.ThreadPoolTaskExecutor  : Shutting down ExecutorService 'applicationTaskExecutor'
2019-09-18 20:40:42.514  INFO 10468 --- [Thread-2] j.LocalContainerEntityManagerFactoryBean : Closing JPA EntityManagerFactory for persistence unit 'default'
2019-09-18 20:40:42.518  INFO 10468 --- [Thread-2] com.zaxxer.hikari.HikariDataSource       : HikariPool-1 - Shutdown initiated...
2019-09-18 20:40:42.532  INFO 10468 --- [Thread-2] com.zaxxer.hikari.HikariDataSource       : HikariPool-1 - Shutdown completed.
2019-09-18 20:42:47.758  INFO 2888 --- [main] c.k.TransformationSqlApplicationTests    : Starting TransformationSqlApplicationTests on DESKTOP-HOVP9Q7 with PID 2888 (started by keda in E:\WorkSpace\Server\transformation-sql)
2019-09-18 20:42:47.760  INFO 2888 --- [main] c.k.TransformationSqlApplicationTests    : No active profile set, falling back to default profiles: default
2019-09-18 20:42:48.769  INFO 2888 --- [main] .s.d.r.c.RepositoryConfigurationDelegate : Bootstrapping Spring Data repositories in DEFAULT mode.
2019-09-18 20:42:48.804  INFO 2888 --- [main] .s.d.r.c.RepositoryConfigurationDelegate : Finished Spring Data repository scanning in 23ms. Found 0 repository interfaces.
2019-09-18 20:42:49.320  INFO 2888 --- [main] trationDelegate$BeanPostProcessorChecker : Bean 'org.springframework.transaction.annotation.ProxyTransactionManagementConfiguration' of type [org.springframework.transaction.annotation.ProxyTransactionManagementConfiguration$$EnhancerBySpringCGLIB$$3fc5dd4e] is not eligible for getting processed by all BeanPostProcessors (for example: not eligible for auto-proxying)
2019-09-18 20:42:49.716  INFO 2888 --- [main] o.hibernate.jpa.internal.util.LogHelper  : HHH000204: Processing PersistenceUnitInfo [
	name: default
	...]
2019-09-18 20:42:49.834  INFO 2888 --- [main] org.hibernate.Version                    : HHH000412: Hibernate Core {5.3.11.Final}
2019-09-18 20:42:49.837  INFO 2888 --- [main] org.hibernate.cfg.Environment            : HHH000206: hibernate.properties not found
2019-09-18 20:42:50.141  INFO 2888 --- [main] o.hibernate.annotations.common.Version   : HCANN000001: Hibernate Commons Annotations {5.0.4.Final}
2019-09-18 20:42:50.589  INFO 2888 --- [main] com.zaxxer.hikari.HikariDataSource       : HikariPool-1 - Starting...
2019-09-18 20:42:50.594  WARN 2888 --- [main] com.zaxxer.hikari.util.DriverDataSource  : Registered driver with driverClassName=com.mysql.jdbc.Driver was not found, trying direct instantiation.
2019-09-18 20:42:50.800  INFO 2888 --- [main] com.zaxxer.hikari.HikariDataSource       : HikariPool-1 - Start completed.
2019-09-18 20:42:50.824  INFO 2888 --- [main] org.hibernate.dialect.Dialect            : HHH000400: Using dialect: org.hibernate.dialect.MySQL5Dialect
2019-09-18 20:42:51.869  INFO 2888 --- [main] j.LocalContainerEntityManagerFactoryBean : Initialized JPA EntityManagerFactory for persistence unit 'default'
2019-09-18 20:42:52.915  INFO 2888 --- [main] o.s.s.concurrent.ThreadPoolTaskExecutor  : Initializing ExecutorService 'applicationTaskExecutor'
2019-09-18 20:42:53.010  WARN 2888 --- [main] aWebConfiguration$JpaWebMvcConfiguration : spring.jpa.open-in-view is enabled by default. Therefore, database queries may be performed during view rendering. Explicitly configure spring.jpa.open-in-view to disable this warning
2019-09-18 20:42:53.715  INFO 2888 --- [main] c.k.TransformationSqlApplicationTests    : Started TransformationSqlApplicationTests in 6.776 seconds (JVM running for 8.159)
2019-09-18 20:42:53.848  INFO 2888 --- [main] c.k.TransformationSqlApplicationTests    : ----SqlExecutor：com.kedacom.util.SqlExecutor@166c2c17
2019-09-18 20:42:54.091  INFO 2888 --- [main] c.k.TransformationSqlApplicationTests    : ----SqlExecutor 数据长度为：3
2019-09-18 20:42:54.091  INFO 2888 --- [main] c.k.TransformationSqlApplicationTests    : ----SqlExecutor：[Ljava.lang.Object;@4601047
2019-09-18 20:42:54.091  INFO 2888 --- [main] c.k.TransformationSqlApplicationTests    : ----SqlExecutor：[Ljava.lang.Object;@25e8e59
2019-09-18 20:42:54.091  INFO 2888 --- [main] c.k.TransformationSqlApplicationTests    : ----SqlExecutor：[Ljava.lang.Object;@3a0896b3
2019-09-18 20:42:54.101  INFO 2888 --- [Thread-2] o.s.s.concurrent.ThreadPoolTaskExecutor  : Shutting down ExecutorService 'applicationTaskExecutor'
2019-09-18 20:42:54.102  INFO 2888 --- [Thread-2] j.LocalContainerEntityManagerFactoryBean : Closing JPA EntityManagerFactory for persistence unit 'default'
2019-09-18 20:42:54.107  INFO 2888 --- [Thread-2] com.zaxxer.hikari.HikariDataSource       : HikariPool-1 - Shutdown initiated...
2019-09-18 20:42:54.133  INFO 2888 --- [Thread-2] com.zaxxer.hikari.HikariDataSource       : HikariPool-1 - Shutdown completed.
2019-09-18 20:43:57.207  INFO 10796 --- [main] c.k.TransformationSqlApplicationTests    : Starting TransformationSqlApplicationTests on DESKTOP-HOVP9Q7 with PID 10796 (started by keda in E:\WorkSpace\Server\transformation-sql)
2019-09-18 20:43:57.209  INFO 10796 --- [main] c.k.TransformationSqlApplicationTests    : No active profile set, falling back to default profiles: default
2019-09-18 20:43:58.200  INFO 10796 --- [main] .s.d.r.c.RepositoryConfigurationDelegate : Bootstrapping Spring Data repositories in DEFAULT mode.
2019-09-18 20:43:58.242  INFO 10796 --- [main] .s.d.r.c.RepositoryConfigurationDelegate : Finished Spring Data repository scanning in 26ms. Found 0 repository interfaces.
2019-09-18 20:43:58.775  INFO 10796 --- [main] trationDelegate$BeanPostProcessorChecker : Bean 'org.springframework.transaction.annotation.ProxyTransactionManagementConfiguration' of type [org.springframework.transaction.annotation.ProxyTransactionManagementConfiguration$$EnhancerBySpringCGLIB$$44d766d0] is not eligible for getting processed by all BeanPostProcessors (for example: not eligible for auto-proxying)
2019-09-18 20:43:59.152  INFO 10796 --- [main] o.hibernate.jpa.internal.util.LogHelper  : HHH000204: Processing PersistenceUnitInfo [
	name: default
	...]
2019-09-18 20:43:59.277  INFO 10796 --- [main] org.hibernate.Version                    : HHH000412: Hibernate Core {5.3.11.Final}
2019-09-18 20:43:59.280  INFO 10796 --- [main] org.hibernate.cfg.Environment            : HHH000206: hibernate.properties not found
2019-09-18 20:43:59.587  INFO 10796 --- [main] o.hibernate.annotations.common.Version   : HCANN000001: Hibernate Commons Annotations {5.0.4.Final}
2019-09-18 20:44:00.025  INFO 10796 --- [main] com.zaxxer.hikari.HikariDataSource       : HikariPool-1 - Starting...
2019-09-18 20:44:00.031  WARN 10796 --- [main] com.zaxxer.hikari.util.DriverDataSource  : Registered driver with driverClassName=com.mysql.jdbc.Driver was not found, trying direct instantiation.
2019-09-18 20:44:00.237  INFO 10796 --- [main] com.zaxxer.hikari.HikariDataSource       : HikariPool-1 - Start completed.
2019-09-18 20:44:00.265  INFO 10796 --- [main] org.hibernate.dialect.Dialect            : HHH000400: Using dialect: org.hibernate.dialect.MySQL5Dialect
2019-09-18 20:44:01.332  INFO 10796 --- [main] j.LocalContainerEntityManagerFactoryBean : Initialized JPA EntityManagerFactory for persistence unit 'default'
2019-09-18 20:44:02.370  INFO 10796 --- [main] o.s.s.concurrent.ThreadPoolTaskExecutor  : Initializing ExecutorService 'applicationTaskExecutor'
2019-09-18 20:44:02.485  WARN 10796 --- [main] aWebConfiguration$JpaWebMvcConfiguration : spring.jpa.open-in-view is enabled by default. Therefore, database queries may be performed during view rendering. Explicitly configure spring.jpa.open-in-view to disable this warning
2019-09-18 20:44:03.104  INFO 10796 --- [main] c.k.TransformationSqlApplicationTests    : Started TransformationSqlApplicationTests in 6.734 seconds (JVM running for 8.193)
2019-09-18 20:44:03.219  INFO 10796 --- [main] c.k.TransformationSqlApplicationTests    : ----SqlExecutor：com.kedacom.util.SqlExecutor@15c6027d
2019-09-18 20:44:03.480  INFO 10796 --- [main] c.k.TransformationSqlApplicationTests    : ----SqlExecutor 数据长度为：3
2019-09-18 20:44:03.495  INFO 10796 --- [Thread-2] o.s.s.concurrent.ThreadPoolTaskExecutor  : Shutting down ExecutorService 'applicationTaskExecutor'
2019-09-18 20:44:03.496  INFO 10796 --- [Thread-2] j.LocalContainerEntityManagerFactoryBean : Closing JPA EntityManagerFactory for persistence unit 'default'
2019-09-18 20:44:03.499  INFO 10796 --- [Thread-2] com.zaxxer.hikari.HikariDataSource       : HikariPool-1 - Shutdown initiated...
2019-09-18 20:44:03.513  INFO 10796 --- [Thread-2] com.zaxxer.hikari.HikariDataSource       : HikariPool-1 - Shutdown completed.
2019-09-18 20:45:12.307  INFO 11228 --- [main] c.k.TransformationSqlApplicationTests    : Starting TransformationSqlApplicationTests on DESKTOP-HOVP9Q7 with PID 11228 (started by keda in E:\WorkSpace\Server\transformation-sql)
2019-09-18 20:45:12.308  INFO 11228 --- [main] c.k.TransformationSqlApplicationTests    : No active profile set, falling back to default profiles: default
2019-09-18 20:45:13.279  INFO 11228 --- [main] .s.d.r.c.RepositoryConfigurationDelegate : Bootstrapping Spring Data repositories in DEFAULT mode.
2019-09-18 20:45:13.315  INFO 11228 --- [main] .s.d.r.c.RepositoryConfigurationDelegate : Finished Spring Data repository scanning in 25ms. Found 0 repository interfaces.
2019-09-18 20:45:13.828  INFO 11228 --- [main] trationDelegate$BeanPostProcessorChecker : Bean 'org.springframework.transaction.annotation.ProxyTransactionManagementConfiguration' of type [org.springframework.transaction.annotation.ProxyTransactionManagementConfiguration$$EnhancerBySpringCGLIB$$d730b2ee] is not eligible for getting processed by all BeanPostProcessors (for example: not eligible for auto-proxying)
2019-09-18 20:45:14.225  INFO 11228 --- [main] o.hibernate.jpa.internal.util.LogHelper  : HHH000204: Processing PersistenceUnitInfo [
	name: default
	...]
2019-09-18 20:45:14.348  INFO 11228 --- [main] org.hibernate.Version                    : HHH000412: Hibernate Core {5.3.11.Final}
2019-09-18 20:45:14.351  INFO 11228 --- [main] org.hibernate.cfg.Environment            : HHH000206: hibernate.properties not found
2019-09-18 20:45:14.659  INFO 11228 --- [main] o.hibernate.annotations.common.Version   : HCANN000001: Hibernate Commons Annotations {5.0.4.Final}
2019-09-18 20:45:15.093  INFO 11228 --- [main] com.zaxxer.hikari.HikariDataSource       : HikariPool-1 - Starting...
2019-09-18 20:45:15.098  WARN 11228 --- [main] com.zaxxer.hikari.util.DriverDataSource  : Registered driver with driverClassName=com.mysql.jdbc.Driver was not found, trying direct instantiation.
2019-09-18 20:45:15.315  INFO 11228 --- [main] com.zaxxer.hikari.HikariDataSource       : HikariPool-1 - Start completed.
2019-09-18 20:45:15.340  INFO 11228 --- [main] org.hibernate.dialect.Dialect            : HHH000400: Using dialect: org.hibernate.dialect.MySQL5Dialect
2019-09-18 20:45:16.395  INFO 11228 --- [main] j.LocalContainerEntityManagerFactoryBean : Initialized JPA EntityManagerFactory for persistence unit 'default'
2019-09-18 20:45:17.404  INFO 11228 --- [main] o.s.s.concurrent.ThreadPoolTaskExecutor  : Initializing ExecutorService 'applicationTaskExecutor'
2019-09-18 20:45:17.500  WARN 11228 --- [main] aWebConfiguration$JpaWebMvcConfiguration : spring.jpa.open-in-view is enabled by default. Therefore, database queries may be performed during view rendering. Explicitly configure spring.jpa.open-in-view to disable this warning
2019-09-18 20:45:18.097  INFO 11228 --- [main] c.k.TransformationSqlApplicationTests    : Started TransformationSqlApplicationTests in 6.492 seconds (JVM running for 7.845)
2019-09-18 20:45:18.204  INFO 11228 --- [main] c.k.TransformationSqlApplicationTests    : ----SqlExecutor：com.kedacom.util.SqlExecutor@19dc0d32
2019-09-18 20:45:18.456  INFO 11228 --- [main] c.k.TransformationSqlApplicationTests    : ----SqlExecutor 数据长度为：3
2019-09-18 20:45:18.457  INFO 11228 --- [main] c.k.TransformationSqlApplicationTests    : ----SqlExecutor：[Ljava.lang.Object;@3a0896b3
2019-09-18 20:45:18.457  INFO 11228 --- [main] c.k.TransformationSqlApplicationTests    : ----SqlExecutor：[Ljava.lang.Object;@50a7c72b
2019-09-18 20:45:18.457  INFO 11228 --- [main] c.k.TransformationSqlApplicationTests    : ----SqlExecutor：[Ljava.lang.Object;@54c11750
2019-09-18 20:45:18.469  INFO 11228 --- [Thread-2] o.s.s.concurrent.ThreadPoolTaskExecutor  : Shutting down ExecutorService 'applicationTaskExecutor'
2019-09-18 20:45:18.469  INFO 11228 --- [Thread-2] j.LocalContainerEntityManagerFactoryBean : Closing JPA EntityManagerFactory for persistence unit 'default'
2019-09-18 20:45:18.473  INFO 11228 --- [Thread-2] com.zaxxer.hikari.HikariDataSource       : HikariPool-1 - Shutdown initiated...
2019-09-18 20:45:18.486  INFO 11228 --- [Thread-2] com.zaxxer.hikari.HikariDataSource       : HikariPool-1 - Shutdown completed.
2019-09-18 20:49:48.326  INFO 11876 --- [main] c.k.TransformationSqlApplicationTests    : Starting TransformationSqlApplicationTests on DESKTOP-HOVP9Q7 with PID 11876 (started by keda in E:\WorkSpace\Server\transformation-sql)
2019-09-18 20:49:48.327  INFO 11876 --- [main] c.k.TransformationSqlApplicationTests    : No active profile set, falling back to default profiles: default
2019-09-18 20:49:49.277  INFO 11876 --- [main] .s.d.r.c.RepositoryConfigurationDelegate : Bootstrapping Spring Data repositories in DEFAULT mode.
2019-09-18 20:49:49.314  INFO 11876 --- [main] .s.d.r.c.RepositoryConfigurationDelegate : Finished Spring Data repository scanning in 24ms. Found 0 repository interfaces.
2019-09-18 20:49:49.811  INFO 11876 --- [main] trationDelegate$BeanPostProcessorChecker : Bean 'org.springframework.transaction.annotation.ProxyTransactionManagementConfiguration' of type [org.springframework.transaction.annotation.ProxyTransactionManagementConfiguration$$EnhancerBySpringCGLIB$$74e440d6] is not eligible for getting processed by all BeanPostProcessors (for example: not eligible for auto-proxying)
2019-09-18 20:49:50.189  INFO 11876 --- [main] o.hibernate.jpa.internal.util.LogHelper  : HHH000204: Processing PersistenceUnitInfo [
	name: default
	...]
2019-09-18 20:49:50.312  INFO 11876 --- [main] org.hibernate.Version                    : HHH000412: Hibernate Core {5.3.11.Final}
2019-09-18 20:49:50.315  INFO 11876 --- [main] org.hibernate.cfg.Environment            : HHH000206: hibernate.properties not found
2019-09-18 20:49:50.626  INFO 11876 --- [main] o.hibernate.annotations.common.Version   : HCANN000001: Hibernate Commons Annotations {5.0.4.Final}
2019-09-18 20:49:51.071  INFO 11876 --- [main] com.zaxxer.hikari.HikariDataSource       : HikariPool-1 - Starting...
2019-09-18 20:49:51.076  WARN 11876 --- [main] com.zaxxer.hikari.util.DriverDataSource  : Registered driver with driverClassName=com.mysql.jdbc.Driver was not found, trying direct instantiation.
2019-09-18 20:49:51.281  INFO 11876 --- [main] com.zaxxer.hikari.HikariDataSource       : HikariPool-1 - Start completed.
2019-09-18 20:49:51.307  INFO 11876 --- [main] org.hibernate.dialect.Dialect            : HHH000400: Using dialect: org.hibernate.dialect.MySQL5Dialect
2019-09-18 20:49:52.364  INFO 11876 --- [main] j.LocalContainerEntityManagerFactoryBean : Initialized JPA EntityManagerFactory for persistence unit 'default'
2019-09-18 20:49:53.372  INFO 11876 --- [main] o.s.s.concurrent.ThreadPoolTaskExecutor  : Initializing ExecutorService 'applicationTaskExecutor'
2019-09-18 20:49:53.476  WARN 11876 --- [main] aWebConfiguration$JpaWebMvcConfiguration : spring.jpa.open-in-view is enabled by default. Therefore, database queries may be performed during view rendering. Explicitly configure spring.jpa.open-in-view to disable this warning
2019-09-18 20:49:54.083  INFO 11876 --- [main] c.k.TransformationSqlApplicationTests    : Started TransformationSqlApplicationTests in 6.42 seconds (JVM running for 8.012)
2019-09-18 20:49:54.197  INFO 11876 --- [main] c.k.TransformationSqlApplicationTests    : ----SqlExecutor：com.kedacom.util.SqlExecutor@184823ed
2019-09-18 20:49:54.506  INFO 11876 --- [Thread-2] o.s.s.concurrent.ThreadPoolTaskExecutor  : Shutting down ExecutorService 'applicationTaskExecutor'
2019-09-18 20:49:54.507  INFO 11876 --- [Thread-2] j.LocalContainerEntityManagerFactoryBean : Closing JPA EntityManagerFactory for persistence unit 'default'
2019-09-18 20:49:54.511  INFO 11876 --- [Thread-2] com.zaxxer.hikari.HikariDataSource       : HikariPool-1 - Shutdown initiated...
2019-09-18 20:49:54.526  INFO 11876 --- [Thread-2] com.zaxxer.hikari.HikariDataSource       : HikariPool-1 - Shutdown completed.
2019-09-18 20:58:47.924  INFO 2208 --- [main] c.k.TransformationSqlApplicationTests    : Starting TransformationSqlApplicationTests on DESKTOP-HOVP9Q7 with PID 2208 (started by keda in E:\WorkSpace\Server\transformation-sql)
2019-09-18 20:58:47.925  INFO 2208 --- [main] c.k.TransformationSqlApplicationTests    : No active profile set, falling back to default profiles: default
2019-09-18 20:58:48.941  INFO 2208 --- [main] .s.d.r.c.RepositoryConfigurationDelegate : Bootstrapping Spring Data repositories in DEFAULT mode.
2019-09-18 20:58:48.980  INFO 2208 --- [main] .s.d.r.c.RepositoryConfigurationDelegate : Finished Spring Data repository scanning in 26ms. Found 0 repository interfaces.
2019-09-18 20:58:49.478  INFO 2208 --- [main] trationDelegate$BeanPostProcessorChecker : Bean 'org.springframework.transaction.annotation.ProxyTransactionManagementConfiguration' of type [org.springframework.transaction.annotation.ProxyTransactionManagementConfiguration$$EnhancerBySpringCGLIB$$367deff7] is not eligible for getting processed by all BeanPostProcessors (for example: not eligible for auto-proxying)
2019-09-18 20:58:49.891  INFO 2208 --- [main] o.hibernate.jpa.internal.util.LogHelper  : HHH000204: Processing PersistenceUnitInfo [
	name: default
	...]
2019-09-18 20:58:50.014  INFO 2208 --- [main] org.hibernate.Version                    : HHH000412: Hibernate Core {5.3.11.Final}
2019-09-18 20:58:50.017  INFO 2208 --- [main] org.hibernate.cfg.Environment            : HHH000206: hibernate.properties not found
2019-09-18 20:58:50.354  INFO 2208 --- [main] o.hibernate.annotations.common.Version   : HCANN000001: Hibernate Commons Annotations {5.0.4.Final}
2019-09-18 20:58:50.792  INFO 2208 --- [main] com.zaxxer.hikari.HikariDataSource       : HikariPool-1 - Starting...
2019-09-18 20:58:50.797  WARN 2208 --- [main] com.zaxxer.hikari.util.DriverDataSource  : Registered driver with driverClassName=com.mysql.jdbc.Driver was not found, trying direct instantiation.
2019-09-18 20:58:51.063  INFO 2208 --- [main] com.zaxxer.hikari.HikariDataSource       : HikariPool-1 - Start completed.
2019-09-18 20:58:51.092  INFO 2208 --- [main] org.hibernate.dialect.Dialect            : HHH000400: Using dialect: org.hibernate.dialect.MySQL5Dialect
2019-09-18 20:58:52.155  INFO 2208 --- [main] j.LocalContainerEntityManagerFactoryBean : Initialized JPA EntityManagerFactory for persistence unit 'default'
2019-09-18 20:58:53.195  INFO 2208 --- [main] o.s.s.concurrent.ThreadPoolTaskExecutor  : Initializing ExecutorService 'applicationTaskExecutor'
2019-09-18 20:58:53.291  WARN 2208 --- [main] aWebConfiguration$JpaWebMvcConfiguration : spring.jpa.open-in-view is enabled by default. Therefore, database queries may be performed during view rendering. Explicitly configure spring.jpa.open-in-view to disable this warning
2019-09-18 20:58:53.971  INFO 2208 --- [main] c.k.TransformationSqlApplicationTests    : Started TransformationSqlApplicationTests in 6.96 seconds (JVM running for 8.434)
2019-09-18 20:58:54.109  INFO 2208 --- [main] c.k.TransformationSqlApplicationTests    : ----SqlExecutor：com.kedacom.util.SqlExecutorWithJPQL@2bb62414
2019-09-18 20:58:54.407  INFO 2208 --- [main] c.k.TransformationSqlApplicationTests    : ----SqlExecutor 数据长度为：0
2019-09-18 20:58:54.407  INFO 2208 --- [main] c.k.TransformationSqlApplicationTests    : ----SqlExecutor：User(id=1, name=zcy, password=admin)
2019-09-18 20:58:54.407  INFO 2208 --- [main] c.k.TransformationSqlApplicationTests    : ----SqlExecutor：User(id=2, name=ceshi, password=ceshi)
2019-09-18 20:58:54.407  INFO 2208 --- [main] c.k.TransformationSqlApplicationTests    : ----SqlExecutor：User(id=3, name=admin, password=admin)
2019-09-18 20:58:54.418  INFO 2208 --- [Thread-2] o.s.s.concurrent.ThreadPoolTaskExecutor  : Shutting down ExecutorService 'applicationTaskExecutor'
2019-09-18 20:58:54.419  INFO 2208 --- [Thread-2] j.LocalContainerEntityManagerFactoryBean : Closing JPA EntityManagerFactory for persistence unit 'default'
2019-09-18 20:58:54.424  INFO 2208 --- [Thread-2] com.zaxxer.hikari.HikariDataSource       : HikariPool-1 - Shutdown initiated...
2019-09-18 20:58:54.442  INFO 2208 --- [Thread-2] com.zaxxer.hikari.HikariDataSource       : HikariPool-1 - Shutdown completed.
2019-09-18 21:00:00.915  INFO 12244 --- [main] c.k.TransformationSqlApplicationTests    : Starting TransformationSqlApplicationTests on DESKTOP-HOVP9Q7 with PID 12244 (started by keda in E:\WorkSpace\Server\transformation-sql)
2019-09-18 21:00:00.916  INFO 12244 --- [main] c.k.TransformationSqlApplicationTests    : No active profile set, falling back to default profiles: default
2019-09-18 21:00:01.850  INFO 12244 --- [main] .s.d.r.c.RepositoryConfigurationDelegate : Bootstrapping Spring Data repositories in DEFAULT mode.
2019-09-18 21:00:01.887  INFO 12244 --- [main] .s.d.r.c.RepositoryConfigurationDelegate : Finished Spring Data repository scanning in 24ms. Found 0 repository interfaces.
2019-09-18 21:00:02.389  INFO 12244 --- [main] trationDelegate$BeanPostProcessorChecker : Bean 'org.springframework.transaction.annotation.ProxyTransactionManagementConfiguration' of type [org.springframework.transaction.annotation.ProxyTransactionManagementConfiguration$$EnhancerBySpringCGLIB$$e98c53eb] is not eligible for getting processed by all BeanPostProcessors (for example: not eligible for auto-proxying)
2019-09-18 21:00:02.756  INFO 12244 --- [main] o.hibernate.jpa.internal.util.LogHelper  : HHH000204: Processing PersistenceUnitInfo [
	name: default
	...]
2019-09-18 21:00:02.878  INFO 12244 --- [main] org.hibernate.Version                    : HHH000412: Hibernate Core {5.3.11.Final}
2019-09-18 21:00:02.881  INFO 12244 --- [main] org.hibernate.cfg.Environment            : HHH000206: hibernate.properties not found
2019-09-18 21:00:03.184  INFO 12244 --- [main] o.hibernate.annotations.common.Version   : HCANN000001: Hibernate Commons Annotations {5.0.4.Final}
2019-09-18 21:00:03.613  INFO 12244 --- [main] com.zaxxer.hikari.HikariDataSource       : HikariPool-1 - Starting...
2019-09-18 21:00:03.618  WARN 12244 --- [main] com.zaxxer.hikari.util.DriverDataSource  : Registered driver with driverClassName=com.mysql.jdbc.Driver was not found, trying direct instantiation.
2019-09-18 21:00:03.824  INFO 12244 --- [main] com.zaxxer.hikari.HikariDataSource       : HikariPool-1 - Start completed.
2019-09-18 21:00:03.853  INFO 12244 --- [main] org.hibernate.dialect.Dialect            : HHH000400: Using dialect: org.hibernate.dialect.MySQL5Dialect
2019-09-18 21:00:04.873  INFO 12244 --- [main] j.LocalContainerEntityManagerFactoryBean : Initialized JPA EntityManagerFactory for persistence unit 'default'
2019-09-18 21:00:05.860  INFO 12244 --- [main] o.s.s.concurrent.ThreadPoolTaskExecutor  : Initializing ExecutorService 'applicationTaskExecutor'
2019-09-18 21:00:05.951  WARN 12244 --- [main] aWebConfiguration$JpaWebMvcConfiguration : spring.jpa.open-in-view is enabled by default. Therefore, database queries may be performed during view rendering. Explicitly configure spring.jpa.open-in-view to disable this warning
2019-09-18 21:00:06.558  INFO 12244 --- [main] c.k.TransformationSqlApplicationTests    : Started TransformationSqlApplicationTests in 6.391 seconds (JVM running for 7.784)
2019-09-18 21:00:06.668  INFO 12244 --- [main] c.k.TransformationSqlApplicationTests    : ----SqlExecutor：com.kedacom.util.SqlExecutorWithJPQL@413d2cd1
2019-09-18 21:00:06.967  INFO 12244 --- [main] c.k.TransformationSqlApplicationTests    : ----SqlExecutor 数据长度为：3
2019-09-18 21:00:06.967  INFO 12244 --- [main] c.k.TransformationSqlApplicationTests    : ----SqlExecutor：User(id=1, name=zcy, password=admin)
2019-09-18 21:00:06.968  INFO 12244 --- [main] c.k.TransformationSqlApplicationTests    : ----SqlExecutor：User(id=2, name=ceshi, password=ceshi)
2019-09-18 21:00:06.968  INFO 12244 --- [main] c.k.TransformationSqlApplicationTests    : ----SqlExecutor：User(id=3, name=admin, password=admin)
2019-09-18 21:00:06.981  INFO 12244 --- [Thread-2] o.s.s.concurrent.ThreadPoolTaskExecutor  : Shutting down ExecutorService 'applicationTaskExecutor'
2019-09-18 21:00:06.982  INFO 12244 --- [Thread-2] j.LocalContainerEntityManagerFactoryBean : Closing JPA EntityManagerFactory for persistence unit 'default'
2019-09-18 21:00:06.986  INFO 12244 --- [Thread-2] com.zaxxer.hikari.HikariDataSource       : HikariPool-1 - Shutdown initiated...
2019-09-18 21:00:06.999  INFO 12244 --- [Thread-2] com.zaxxer.hikari.HikariDataSource       : HikariPool-1 - Shutdown completed.
2019-09-18 21:00:17.501  INFO 11908 --- [main] c.k.TransformationSqlApplicationTests    : Starting TransformationSqlApplicationTests on DESKTOP-HOVP9Q7 with PID 11908 (started by keda in E:\WorkSpace\Server\transformation-sql)
2019-09-18 21:00:17.502  INFO 11908 --- [main] c.k.TransformationSqlApplicationTests    : No active profile set, falling back to default profiles: default
2019-09-18 21:00:18.483  INFO 11908 --- [main] .s.d.r.c.RepositoryConfigurationDelegate : Bootstrapping Spring Data repositories in DEFAULT mode.
2019-09-18 21:00:18.526  INFO 11908 --- [main] .s.d.r.c.RepositoryConfigurationDelegate : Finished Spring Data repository scanning in 27ms. Found 0 repository interfaces.
2019-09-18 21:00:19.019  INFO 11908 --- [main] trationDelegate$BeanPostProcessorChecker : Bean 'org.springframework.transaction.annotation.ProxyTransactionManagementConfiguration' of type [org.springframework.transaction.annotation.ProxyTransactionManagementConfiguration$$EnhancerBySpringCGLIB$$74e440d6] is not eligible for getting processed by all BeanPostProcessors (for example: not eligible for auto-proxying)
2019-09-18 21:00:19.399  INFO 11908 --- [main] o.hibernate.jpa.internal.util.LogHelper  : HHH000204: Processing PersistenceUnitInfo [
	name: default
	...]
2019-09-18 21:00:19.521  INFO 11908 --- [main] org.hibernate.Version                    : HHH000412: Hibernate Core {5.3.11.Final}
2019-09-18 21:00:19.524  INFO 11908 --- [main] org.hibernate.cfg.Environment            : HHH000206: hibernate.properties not found
2019-09-18 21:00:19.839  INFO 11908 --- [main] o.hibernate.annotations.common.Version   : HCANN000001: Hibernate Commons Annotations {5.0.4.Final}
2019-09-18 21:00:20.276  INFO 11908 --- [main] com.zaxxer.hikari.HikariDataSource       : HikariPool-1 - Starting...
2019-09-18 21:00:20.282  WARN 11908 --- [main] com.zaxxer.hikari.util.DriverDataSource  : Registered driver with driverClassName=com.mysql.jdbc.Driver was not found, trying direct instantiation.
2019-09-18 21:00:20.486  INFO 11908 --- [main] com.zaxxer.hikari.HikariDataSource       : HikariPool-1 - Start completed.
2019-09-18 21:00:20.512  INFO 11908 --- [main] org.hibernate.dialect.Dialect            : HHH000400: Using dialect: org.hibernate.dialect.MySQL5Dialect
2019-09-18 21:00:21.531  INFO 11908 --- [main] j.LocalContainerEntityManagerFactoryBean : Initialized JPA EntityManagerFactory for persistence unit 'default'
2019-09-18 21:00:22.525  INFO 11908 --- [main] o.s.s.concurrent.ThreadPoolTaskExecutor  : Initializing ExecutorService 'applicationTaskExecutor'
2019-09-18 21:00:22.616  WARN 11908 --- [main] aWebConfiguration$JpaWebMvcConfiguration : spring.jpa.open-in-view is enabled by default. Therefore, database queries may be performed during view rendering. Explicitly configure spring.jpa.open-in-view to disable this warning
2019-09-18 21:00:23.227  INFO 11908 --- [main] c.k.TransformationSqlApplicationTests    : Started TransformationSqlApplicationTests in 6.45 seconds (JVM running for 7.845)
2019-09-18 21:00:23.350  INFO 11908 --- [main] c.k.TransformationSqlApplicationTests    : ----SqlExecutor：com.kedacom.util.SqlExecutorWithJPQL@184823ed
2019-09-18 21:00:23.586  INFO 11908 --- [main] c.k.TransformationSqlApplicationTests    : ----SqlExecutor 数据长度为：3
2019-09-18 21:00:23.586  INFO 11908 --- [main] c.k.TransformationSqlApplicationTests    : ----SqlExecutor：[Ljava.lang.Object;@63e4484d
2019-09-18 21:00:23.586  INFO 11908 --- [main] c.k.TransformationSqlApplicationTests    : ----SqlExecutor：[Ljava.lang.Object;@6a5dd083
2019-09-18 21:00:23.586  INFO 11908 --- [main] c.k.TransformationSqlApplicationTests    : ----SqlExecutor：[Ljava.lang.Object;@77663cd7
2019-09-18 21:00:23.598  INFO 11908 --- [Thread-2] o.s.s.concurrent.ThreadPoolTaskExecutor  : Shutting down ExecutorService 'applicationTaskExecutor'
2019-09-18 21:00:23.598  INFO 11908 --- [Thread-2] j.LocalContainerEntityManagerFactoryBean : Closing JPA EntityManagerFactory for persistence unit 'default'
2019-09-18 21:00:23.602  INFO 11908 --- [Thread-2] com.zaxxer.hikari.HikariDataSource       : HikariPool-1 - Shutdown initiated...
2019-09-18 21:00:23.616  INFO 11908 --- [Thread-2] com.zaxxer.hikari.HikariDataSource       : HikariPool-1 - Shutdown completed.
2019-09-18 21:00:34.695  INFO 9148 --- [main] c.k.TransformationSqlApplicationTests    : Starting TransformationSqlApplicationTests on DESKTOP-HOVP9Q7 with PID 9148 (started by keda in E:\WorkSpace\Server\transformation-sql)
2019-09-18 21:00:34.697  INFO 9148 --- [main] c.k.TransformationSqlApplicationTests    : No active profile set, falling back to default profiles: default
2019-09-18 21:00:35.679  INFO 9148 --- [main] .s.d.r.c.RepositoryConfigurationDelegate : Bootstrapping Spring Data repositories in DEFAULT mode.
2019-09-18 21:00:35.725  INFO 9148 --- [main] .s.d.r.c.RepositoryConfigurationDelegate : Finished Spring Data repository scanning in 25ms. Found 0 repository interfaces.
2019-09-18 21:00:36.236  INFO 9148 --- [main] trationDelegate$BeanPostProcessorChecker : Bean 'org.springframework.transaction.annotation.ProxyTransactionManagementConfiguration' of type [org.springframework.transaction.annotation.ProxyTransactionManagementConfiguration$$EnhancerBySpringCGLIB$$44d766d0] is not eligible for getting processed by all BeanPostProcessors (for example: not eligible for auto-proxying)
2019-09-18 21:00:36.605  INFO 9148 --- [main] o.hibernate.jpa.internal.util.LogHelper  : HHH000204: Processing PersistenceUnitInfo [
	name: default
	...]
2019-09-18 21:00:36.725  INFO 9148 --- [main] org.hibernate.Version                    : HHH000412: Hibernate Core {5.3.11.Final}
2019-09-18 21:00:36.729  INFO 9148 --- [main] org.hibernate.cfg.Environment            : HHH000206: hibernate.properties not found
2019-09-18 21:00:37.033  INFO 9148 --- [main] o.hibernate.annotations.common.Version   : HCANN000001: Hibernate Commons Annotations {5.0.4.Final}
2019-09-18 21:00:37.470  INFO 9148 --- [main] com.zaxxer.hikari.HikariDataSource       : HikariPool-1 - Starting...
2019-09-18 21:00:37.475  WARN 9148 --- [main] com.zaxxer.hikari.util.DriverDataSource  : Registered driver with driverClassName=com.mysql.jdbc.Driver was not found, trying direct instantiation.
2019-09-18 21:00:37.678  INFO 9148 --- [main] com.zaxxer.hikari.HikariDataSource       : HikariPool-1 - Start completed.
2019-09-18 21:00:37.706  INFO 9148 --- [main] org.hibernate.dialect.Dialect            : HHH000400: Using dialect: org.hibernate.dialect.MySQL5Dialect
2019-09-18 21:00:38.732  INFO 9148 --- [main] j.LocalContainerEntityManagerFactoryBean : Initialized JPA EntityManagerFactory for persistence unit 'default'
2019-09-18 21:00:39.746  INFO 9148 --- [main] o.s.s.concurrent.ThreadPoolTaskExecutor  : Initializing ExecutorService 'applicationTaskExecutor'
2019-09-18 21:00:39.842  WARN 9148 --- [main] aWebConfiguration$JpaWebMvcConfiguration : spring.jpa.open-in-view is enabled by default. Therefore, database queries may be performed during view rendering. Explicitly configure spring.jpa.open-in-view to disable this warning
2019-09-18 21:00:40.464  INFO 9148 --- [main] c.k.TransformationSqlApplicationTests    : Started TransformationSqlApplicationTests in 6.482 seconds (JVM running for 7.826)
2019-09-18 21:00:40.573  INFO 9148 --- [main] c.k.TransformationSqlApplicationTests    : ----SqlExecutor：com.kedacom.util.SqlExecutorWithJPQL@15c6027d
2019-09-18 21:00:40.849  INFO 9148 --- [main] c.k.TransformationSqlApplicationTests    : ----SqlExecutor 数据长度为：2
2019-09-18 21:00:40.850  INFO 9148 --- [main] c.k.TransformationSqlApplicationTests    : ----SqlExecutor：User(id=1, name=zcy, password=admin)
2019-09-18 21:00:40.851  INFO 9148 --- [main] c.k.TransformationSqlApplicationTests    : ----SqlExecutor：User(id=2, name=ceshi, password=ceshi)
2019-09-18 21:00:40.861  INFO 9148 --- [Thread-2] o.s.s.concurrent.ThreadPoolTaskExecutor  : Shutting down ExecutorService 'applicationTaskExecutor'
2019-09-18 21:00:40.862  INFO 9148 --- [Thread-2] j.LocalContainerEntityManagerFactoryBean : Closing JPA EntityManagerFactory for persistence unit 'default'
2019-09-18 21:00:40.865  INFO 9148 --- [Thread-2] com.zaxxer.hikari.HikariDataSource       : HikariPool-1 - Shutdown initiated...
2019-09-18 21:00:40.879  INFO 9148 --- [Thread-2] com.zaxxer.hikari.HikariDataSource       : HikariPool-1 - Shutdown completed.
